Determining if the pthread_create exist failed with the following output:
Change Dir: /home/jerluen/atu-crt/build/CMakeFiles/CMakeTmp

Run Build Command:"/usr/bin/make" "cmTC_538ca/fast"
/usr/bin/make -f CMakeFiles/cmTC_538ca.dir/build.make CMakeFiles/cmTC_538ca.dir/build
make[1]: Entering directory '/home/jerluen/atu-crt/build/CMakeFiles/CMakeTmp'
Building C object CMakeFiles/cmTC_538ca.dir/CheckSymbolExists.c.o
/usr/bin/cc    -o CMakeFiles/cmTC_538ca.dir/CheckSymbolExists.c.o   -c /home/jerluen/atu-crt/build/CMakeFiles/CMakeTmp/CheckSymbolExists.c
Linking C executable cmTC_538ca
/usr/bin/cmake -E cmake_link_script CMakeFiles/cmTC_538ca.dir/link.txt --verbose=1
/usr/bin/cc      CMakeFiles/cmTC_538ca.dir/CheckSymbolExists.c.o  -o cmTC_538ca 
CMakeFiles/cmTC_538ca.dir/CheckSymbolExists.c.o: In function `main':
CheckSymbolExists.c:(.text+0x1b): undefined reference to `pthread_create'
collect2: error: ld returned 1 exit status
CMakeFiles/cmTC_538ca.dir/build.make:97: recipe for target 'cmTC_538ca' failed
make[1]: *** [cmTC_538ca] Error 1
make[1]: Leaving directory '/home/jerluen/atu-crt/build/CMakeFiles/CMakeTmp'
Makefile:126: recipe for target 'cmTC_538ca/fast' failed
make: *** [cmTC_538ca/fast] Error 2

File /home/jerluen/atu-crt/build/CMakeFiles/CMakeTmp/CheckSymbolExists.c:
/* */
#include <pthread.h>

int main(int argc, char** argv)
{
  (void)argv;
#ifndef pthread_create
  return ((int*)(&pthread_create))[argc];
#else
  (void)argc;
  return 0;
#endif
}

Determining if the function pthread_create exists in the pthreads failed with the following output:
Change Dir: /home/jerluen/atu-crt/build/CMakeFiles/CMakeTmp

Run Build Command:"/usr/bin/make" "cmTC_7056f/fast"
/usr/bin/make -f CMakeFiles/cmTC_7056f.dir/build.make CMakeFiles/cmTC_7056f.dir/build
make[1]: Entering directory '/home/jerluen/atu-crt/build/CMakeFiles/CMakeTmp'
Building C object CMakeFiles/cmTC_7056f.dir/CheckFunctionExists.c.o
/usr/bin/cc   -DCHECK_FUNCTION_EXISTS=pthread_create   -o CMakeFiles/cmTC_7056f.dir/CheckFunctionExists.c.o   -c /usr/share/cmake-3.10/Modules/CheckFunctionExists.c
Linking C executable cmTC_7056f
/usr/bin/cmake -E cmake_link_script CMakeFiles/cmTC_7056f.dir/link.txt --verbose=1
/usr/bin/cc  -DCHECK_FUNCTION_EXISTS=pthread_create    CMakeFiles/cmTC_7056f.dir/CheckFunctionExists.c.o  -o cmTC_7056f -lpthreads 
/usr/bin/ld: cannot find -lpthreads
collect2: error: ld returned 1 exit status
CMakeFiles/cmTC_7056f.dir/build.make:97: recipe for target 'cmTC_7056f' failed
make[1]: *** [cmTC_7056f] Error 1
make[1]: Leaving directory '/home/jerluen/atu-crt/build/CMakeFiles/CMakeTmp'
Makefile:126: recipe for target 'cmTC_7056f/fast' failed
make: *** [cmTC_7056f/fast] Error 2


